<?xml version="1.0" encoding="UTF-8"?><testrun name="BookScoreInitializerTest" project="book-test" tests="2" started="2" failures="0" errors="1" ignored="0">
  <testsuite name="il.ac.technion.cs.sd.book.test.BookScoreInitializerTest" time="0.019">
    <testcase name="test" classname="il.ac.technion.cs.sd.book.test.BookScoreInitializerTest" time="0.019">
      <error>com.google.inject.ConfigurationException: Guice configuration errors:

1) No implementation for il.ac.technion.cs.sd.book.ext.LineStorageFactory was bound.
  while locating il.ac.technion.cs.sd.book.ext.LineStorageFactory
    for the 1st parameter of library.DoubleKeyDict.&lt;init&gt;(DoubleKeyDict.java:35)
  while locating library.DoubleKeyDict
    for the 1st parameter of il.ac.technion.cs.sd.book.app.BookScoreInitializerImpl.&lt;init&gt;(BookScoreInitializerImpl.java:39)
  while locating il.ac.technion.cs.sd.book.app.BookScoreInitializerImpl

1 error
	at com.google.inject.internal.InjectorImpl.getProvider(InjectorImpl.java:1045)
	at com.google.inject.internal.InjectorImpl.getProvider(InjectorImpl.java:1004)
	at com.google.inject.internal.InjectorImpl.getInstance(InjectorImpl.java:1054)
	at il.ac.technion.cs.sd.book.test.BookScoreInitializerTest.test(BookScoreInitializerTest.java:15)
	at sun.reflect.NativeMethodAccessorImpl.invoke0(Native Method)
	at sun.reflect.NativeMethodAccessorImpl.invoke(NativeMethodAccessorImpl.java:62)
	at sun.reflect.DelegatingMethodAccessorImpl.invoke(DelegatingMethodAccessorImpl.java:43)
	at java.lang.reflect.Method.invoke(Method.java:498)
	at org.junit.runners.model.FrameworkMethod$1.runReflectiveCall(FrameworkMethod.java:50)
	at org.junit.internal.runners.model.ReflectiveCallable.run(ReflectiveCallable.java:12)
	at org.junit.runners.model.FrameworkMethod.invokeExplosively(FrameworkMethod.java:47)
	at org.junit.internal.runners.statements.InvokeMethod.evaluate(InvokeMethod.java:17)
	at org.junit.runners.ParentRunner.runLeaf(ParentRunner.java:325)
	at org.junit.runners.BlockJUnit4ClassRunner.runChild(BlockJUnit4ClassRunner.java:78)
	at org.junit.runners.BlockJUnit4ClassRunner.runChild(BlockJUnit4ClassRunner.java:57)
	at org.junit.runners.ParentRunner$3.run(ParentRunner.java:290)
	at org.junit.runners.ParentRunner$1.schedule(ParentRunner.java:71)
	at org.junit.runners.ParentRunner.runChildren(ParentRunner.java:288)
	at org.junit.runners.ParentRunner.access$000(ParentRunner.java:58)
	at org.junit.runners.ParentRunner$2.evaluate(ParentRunner.java:268)
	at org.junit.runners.ParentRunner.run(ParentRunner.java:363)
	at org.eclipse.jdt.internal.junit4.runner.JUnit4TestReference.run(JUnit4TestReference.java:86)
	at org.eclipse.jdt.internal.junit.runner.TestExecution.run(TestExecution.java:38)
	at org.eclipse.jdt.internal.junit.runner.RemoteTestRunner.runTests(RemoteTestRunner.java:459)
	at org.eclipse.jdt.internal.junit.runner.RemoteTestRunner.runTests(RemoteTestRunner.java:678)
	at org.eclipse.jdt.internal.junit.runner.RemoteTestRunner.run(RemoteTestRunner.java:382)
	at org.eclipse.jdt.internal.junit.runner.RemoteTestRunner.main(RemoteTestRunner.java:192)

</error>
    </testcase>
    <testcase name="test1" classname="il.ac.technion.cs.sd.book.test.BookScoreInitializerTest" time="0.0"/>
  </testsuite>
</testrun>
